
> investmentsimulator@0.1.0 build
> next build --webpack

ΓÜá Warning: Next.js inferred your workspace root, but it may not be correct.
 We detected multiple lockfiles and selected the directory of C:\Users\Abdulai Yorli\pnpm-lock.yaml as the root directory.
 To silence this warning, set `outputFileTracingRoot` in your Next.js config, or consider removing one of the lockfiles if it's not needed.
   See https://nextjs.org/docs/app/api-reference/config/next-config-js/output#caveats for more information.
 Detected additional lockfiles: 
   * C:\Users\Abdulai Yorli\Desktop\Projects\investmentsimulator\package-lock.json

Γû▓ Next.js 16.1.4 (webpack)
- Environments: .env.local

  Creating an optimized production build ...
 Γ£ô (pwa) Compiling for server...
 Γ£ô (pwa) Compiling for server...
 Γ£ô (pwa) Compiling for client (static)...
 Γùï (pwa) Service worker: C:\Users\Abdulai Yorli\Desktop\Projects\investmentsimulator\public\sw.js
 Γùï (pwa)   URL: /sw.js
 Γùï (pwa)   Scope: /
Γ£ô Compiled successfully in 4.2s
  Running TypeScript ...
Failed to compile.

./src/app/actions.ts:3:10
Type error: Module '"@/lib/supabase/client"' declares 'createClient' locally, but it is not exported.

  1 | 'use server';
  2 |
> 3 | import { createClient } from '@/lib/supabase/client';
    |          ^
  4 | import { redirect } from 'next/navigation';
  5 | import { headers } from 'next/headers';
  6 |
Next.js build worker exited with code: 1 and signal: null
