
> investmentsimulator@0.1.0 build
> next build --webpack

ΓÜá Warning: Next.js inferred your workspace root, but it may not be correct.
 We detected multiple lockfiles and selected the directory of C:\Users\Abdulai Yorli\pnpm-lock.yaml as the root directory.
 To silence this warning, set `outputFileTracingRoot` in your Next.js config, or consider removing one of the lockfiles if it's not needed.
   See https://nextjs.org/docs/app/api-reference/config/next-config-js/output#caveats for more information.
 Detected additional lockfiles: 
   * C:\Users\Abdulai Yorli\Desktop\Projects\investmentsimulator\package-lock.json

Γû▓ Next.js 16.1.4 (webpack)
- Environments: .env.local

  Creating an optimized production build ...
 Γ£ô (pwa) Compiling for server...
 Γ£ô (pwa) Compiling for server...
 Γ£ô (pwa) Compiling for client (static)...
 Γùï (pwa) Service worker: C:\Users\Abdulai Yorli\Desktop\Projects\investmentsimulator\public\sw.js
 Γùï (pwa)   URL: /sw.js
 Γùï (pwa)   Scope: /
Γ£ô Compiled successfully in 4.7s
  Running TypeScript ...
Failed to compile.

.next/dev/types/validator.ts:171:31
Type error: Type 'typeof import("C:/Users/Abdulai Yorli/Desktop/Projects/investmentsimulator/src/app/api/ato/conversations/[id]/route")' does not satisfy the constraint 'RouteHandlerConfig<"/api/ato/conversations/[id]">'.
  Types of property 'DELETE' are incompatible.
    Type '(request: NextRequest, { params }: { params: { id: string; }; }) => Promise<NextResponse<{ success: boolean; }> | NextResponse<{ error: any; }>>' is not assignable to type '(request: NextRequest, context: { params: Promise<{ id: string; }>; }) => void | Response | Promise<void | Response>'.
      Types of parameters '__1' and 'context' are incompatible.
        Type '{ params: Promise<{ id: string; }>; }' is not assignable to type '{ params: { id: string; }; }'.
          Types of property 'params' are incompatible.
            Property 'id' is missing in type 'Promise<{ id: string; }>' but required in type '{ id: string; }'.

  169 |   type __IsExpected<Specific extends RouteHandlerConfig<"/api/ato/conversations/[id]">> = Specific
  170 |   const handler = {} as typeof import("../../../src/app/api/ato/conversations/[id]/route.js")
> 171 |   type __Check = __IsExpected<typeof handler>
      |                               ^
  172 |   // @ts-ignore
  173 |   type __Unused = __Check
  174 | }
Next.js build worker exited with code: 1 and signal: null
