
> investmentsimulator@0.1.0 build
> next build --webpack

ΓÜá Warning: Next.js inferred your workspace root, but it may not be correct.
 We detected multiple lockfiles and selected the directory of C:\Users\Abdulai Yorli\pnpm-lock.yaml as the root directory.
 To silence this warning, set `outputFileTracingRoot` in your Next.js config, or consider removing one of the lockfiles if it's not needed.
   See https://nextjs.org/docs/app/api-reference/config/next-config-js/output#caveats for more information.
 Detected additional lockfiles: 
   * C:\Users\Abdulai Yorli\Desktop\Projects\investmentsimulator\package-lock.json

Γû▓ Next.js 16.1.4 (webpack)
- Environments: .env.local

  Creating an optimized production build ...
 Γ£ô (pwa) Compiling for server...
 Γ£ô (pwa) Compiling for server...
 Γ£ô (pwa) Compiling for client (static)...
 Γùï (pwa) Service worker: C:\Users\Abdulai Yorli\Desktop\Projects\investmentsimulator\public\sw.js
 Γùï (pwa)   URL: /sw.js
 Γùï (pwa)   Scope: /
Failed to compile.

./src/app/dashboard/market/page.tsx
Error:   x Unterminated regexp literal
     ,-[C:\Users\Abdulai Yorli\Desktop\Projects\investmentsimulator\src\app\dashboard\market\page.tsx:264:1]
 261 |                 </div>
 262 |             </div>
 263 |         </div>
 264 |         </div >
     :          ^^^^^^
 265 |     );
 266 | }
     `----

Caused by:
    Syntax Error

Import trace for requested module:
./src/app/dashboard/market/page.tsx


> Build failed because of webpack errors
